checking i: 1
ps: 19
calculating i: 1
test param start 0.0414207

lnp: 394485.833383806

lnp: 394480.606604086

lnp: 394480.071595924

lnp: 394480.026487026

lnp: 394479.920621418

lnp: 394479.920621317
CONJ DIR MINIMIZER CYCLE/TOTAL ITERATIONS: 3 3
TOTAL MIN  CALLS: 315
TOTAL DMIN CALLS: 0
test param finish 0.041420677387721
i,p,pdiff,lnp,lnpdiff,var: 1 0.0409541836397 0.000466493748020956 -394479.736970095 -0.183651221683249 5.92472010118107e-07 +/-:  0.00150862746537104 / -0.00150862746537104
checking i: 2
ps: 19
calculating i: 2
test param start 0.18402456360615

lnp: 394480.105166805

lnp: 394480.118192692

lnp: 394480.246150708

lnp: 394480.11766799

lnp: 394480.103111452

lnp: 394480.103111413
CONJ DIR MINIMIZER CYCLE/TOTAL ITERATIONS: 3 3
TOTAL MIN  CALLS: 309
TOTAL DMIN CALLS: 0
test param finish 0.18402456360615
i,p,pdiff,lnp,lnpdiff,var: 2 0.182637658884 0.00138690472215036 -394479.736970095 -0.366141318285372 2.62672445345792e-06 +/-:  0.00317654746874989 / -0.00317654746874989
checking i: 3
ps: 19
calculating i: 3
test param start 0.0104471675399891

lnp: 394485.916422549

lnp: 394515.742578974

lnp: 394480.078024898

lnp: 394480.077937572
CONJ DIR MINIMIZER CYCLE/TOTAL ITERATIONS: 2 2
TOTAL MIN  CALLS: 217
TOTAL DMIN CALLS: 0
test param finish 0.0104471675399891
i,p,pdiff,lnp,lnpdiff,var: 3 0.0100604115243 0.000386756015689056 -394479.736970095 -0.340948067838326 2.19359236466773e-07 +/-:  0.000917964854350125 / -0.000917964854350125
checking i: 4
ps: 19
calculating i: 4
test param start 0.0583966076636681

lnp: 394487.2769441

lnp: 394515.484862933

lnp: 394481.617535851

lnp: 394484.991429507

lnp: 394480.026541385

lnp: 394491.99461264
CONJ DIR MINIMIZER CYCLE/TOTAL ITERATIONS: 3 3
TOTAL MIN  CALLS: 308
TOTAL DMIN CALLS: 0
test param finish 0.0583966076636681
i,p,pdiff,lnp,lnpdiff,var: 4 0.0577389252186 0.000657682445068114 -394479.736970095 -0.289571226225235 7.46873583037445e-07 +/-:  0.00169383709768357 / -0.00169383709768357
checking i: 5
ps: 19
calculating i: 5
test param start 0.0106816172828092

lnp: 394485.969701351

lnp: 394515.773317468

lnp: 394480.115333967

lnp: 394480.115308336

lnp: 394482.173078631

lnp: 394480.115303035
CONJ DIR MINIMIZER CYCLE/TOTAL ITERATIONS: 3 3
TOTAL MIN  CALLS: 328
TOTAL DMIN CALLS: 0
test param finish 0.0106816172828092
i,p,pdiff,lnp,lnpdiff,var: 5 0.0102861818956 0.000395435387209169 -394479.736970095 -0.378331068786792 2.06656495273703e-07 +/-:  0.000890989571554664 / -0.000890989571554664
checking i: 6
ps: 19
calculating i: 6
test param start 0.00658061069818463

lnp: 394479.963660179

lnp: 394479.977219246

lnp: 394481.010404102

lnp: 394555.089556048
CONJ DIR MINIMIZER CYCLE/TOTAL ITERATIONS: 2 2
TOTAL MIN  CALLS: 220
TOTAL DMIN CALLS: 0
test param finish 0.00658061069818463
i,p,pdiff,lnp,lnpdiff,var: 6 0.00633699531012 0.000243615388064632 -394479.736970095 -0.225686136691365 1.31484499163196e-07 +/-:  0.000710698451590146 / -0.000710698451590146
checking i: 7
ps: 19
calculating i: 7
test param start 0.0299228052214972

lnp: 394480.103910286

lnp: 394515.637955565

lnp: 394480.103650278

lnp: 394481.142110793
CONJ DIR MINIMIZER CYCLE/TOTAL ITERATIONS: 2 2
TOTAL MIN  CALLS: 226
TOTAL DMIN CALLS: 0
test param finish 0.0299228052214972
i,p,pdiff,lnp,lnpdiff,var: 7 0.0294201346398 0.000502670581697208 -394479.736970095 -0.36666256794706 3.44564370339941e-07 +/-:  0.00115049112979329 / -0.00115049112979329
checking i: 8
ps: 19
calculating i: 8
test param start 0.0495798347003506

lnp: 394522.310713449

lnp: 394484.818290895

lnp: 394480.013129221

lnp: 394480.013124392
CONJ DIR MINIMIZER CYCLE/TOTAL ITERATIONS: 2 2
TOTAL MIN  CALLS: 215
TOTAL DMIN CALLS: 0
test param finish 0.0495798347003506
i,p,pdiff,lnp,lnpdiff,var: 8 0.0490214497493 0.000558384951050622 -394479.736970095 -0.276154076389503 5.64528609601317e-07 +/-:  0.00147262127068604 / -0.00147262127068604
checking i: 9
ps: 19
calculating i: 9
test param start 0.102964937016265

lnp: 394480.10605566

lnp: 394479.958281962

lnp: 394508.317564442

lnp: 394597.41660957

lnp: 394479.957780371

lnp: 394479.957778618
CONJ DIR MINIMIZER CYCLE/TOTAL ITERATIONS: 3 3
TOTAL MIN  CALLS: 327
TOTAL DMIN CALLS: 0
test param finish 0.102964937016265
i,p,pdiff,lnp,lnpdiff,var: 9 0.102188939755 0.000775997261264538 -394479.736970095 -0.220808425976429 1.36356152811472e-06 +/-:  0.00228868203551974 / -0.00228868203551974
checking i: 10
ps: 19
calculating i: 10
test param start 0.0885112668204979

lnp: 394480.085475533

lnp: 394479.93746428

lnp: 394479.937258223

lnp: 394479.937196958

lnp: 394480.088813138

lnp: 394479.951746466
CONJ DIR MINIMIZER CYCLE/TOTAL ITERATIONS: 3 3
TOTAL MIN  CALLS: 312
TOTAL DMIN CALLS: 0
test param finish 0.0885112668204979
i,p,pdiff,lnp,lnpdiff,var: 10 0.0878441999273 0.00066706689319794 -394479.736970095 -0.200226094340906 1.11118943179085e-06 +/-:  0.00206605625387959 / -0.00206605625387959
checking i: 11
ps: 19
calculating i: 11
test param start 0.00835529104494264

lnp: 394480.004725048

lnp: 394492.122060002

lnp: 394480.001362962

lnp: 394479.998339924
CONJ DIR MINIMIZER CYCLE/TOTAL ITERATIONS: 2 2
TOTAL MIN  CALLS: 222
TOTAL DMIN CALLS: 0
test param finish 0.00835529104494264
i,p,pdiff,lnp,lnpdiff,var: 11 0.00804597667221 0.000309314372732636 -394479.736970095 -0.261324892169796 1.83058300310746e-07 +/-:  0.000838576724233793 / -0.000838576724233793
checking i: 12
ps: 19
calculating i: 12
test param start 0.0488143213629395

lnp: 394480.15222141

lnp: 394480.009392345

lnp: 394531.536400531

lnp: 394480.011925211
CONJ DIR MINIMIZER CYCLE/TOTAL ITERATIONS: 2 2
TOTAL MIN  CALLS: 230
TOTAL DMIN CALLS: 0
test param finish 0.0488143213629395
i,p,pdiff,lnp,lnpdiff,var: 12 0.0482645578833 0.000549763479639462 -394479.736970095 -0.271602750348393 5.5640063135885e-07 +/-:  0.00146198157073308 / -0.00146198157073308
checking i: 13
ps: 19
calculating i: 13
test param start 0.0204715527713425

lnp: 394501.442197257

lnp: 394479.979264653

lnp: 394479.978773209

lnp: 394610.541775504
CONJ DIR MINIMIZER CYCLE/TOTAL ITERATIONS: 2 2
TOTAL MIN  CALLS: 238
TOTAL DMIN CALLS: 0
test param finish 0.0204715527713425
i,p,pdiff,lnp,lnpdiff,var: 13 0.020127652951 0.000343899820342476 -394479.736970095 -0.241685948625673 2.44671001984401e-07 +/-:  0.000969481087353756 / -0.000969481087353756
checking i: 16
ps: 19
calculating i: 16
test param start 0.109152243098852

lnp: 394479.952237591

lnp: 394481.611851211

lnp: 394599.567255086

lnp: 394479.947157915
CONJ DIR MINIMIZER CYCLE/TOTAL ITERATIONS: 2 2
TOTAL MIN  CALLS: 243
TOTAL DMIN CALLS: 0
test param finish 0.109152243098852
i,p,pdiff,lnp,lnpdiff,var: 16 0.10860244323 0.000549799868851869 -394479.736970095 -0.209818560630083 7.20336406087706e-07 +/-:  0.00166347306591351 / -0.00166347306591351
checking i: 17
ps: 19
calculating i: 17
test param start 0.78396930621031

lnp: 394480.074776756

lnp: 394670.975471129

lnp: 394485.896871498
CONJ DIR MINIMIZER CYCLE/TOTAL ITERATIONS: 2 2
TOTAL MIN  CALLS: 194
TOTAL DMIN CALLS: 0
test param finish 0.78396930621031
i,p,pdiff,lnp,lnpdiff,var: 17 0.78279511354 0.00117419267031005 -394479.736970095 -0.24046940979315 2.86674389935024e-06 +/-:  0.00331850548271028 / -0.00331850548271028
