Initial lnp: -432975.775931674 -3.12326002380838 -4.32975775931674

lnp: 397336.462984476

lnp: 395024.17580762

lnp: 394773.384016638

lnp: 394513.70216573

lnp: 394491.456992412

lnp: 394485.935112447

lnp: 394483.979188832
CONJ GRAD MINIMIZER CYCLE/TOTAL ITERATIONS: 10 10
CONJ GRAD MINIMIZER REACHED MAX ITER LIMIT

lnp: 394555.108093959

lnp: 394515.631772645

lnp: 394480.560773747

lnp: 394506.568253944

lnp: 394515.172055396

lnp: 394491.260896505

lnp: 394484.565170751

lnp: 394479.889491778

lnp: 394479.842858549

lnp: 394479.737174046

lnp: 394554.782109842

lnp: 394479.737161526

lnp: 394479.737087848

lnp: 394496.364660645

lnp: 394486.973745672

lnp: 394479.736974372

lnp: 394479.736970192
CONJ DIR MINIMIZER CYCLE/TOTAL ITERATIONS: 10 10
TOTAL MIN  CALLS: 1216
TOTAL DMIN CALLS: 10
Final lnp: -394479.736970095 -2.8455698012897 -3.94479736970096
