Initial lnp: -1023502.39618932 -2.48974410309508 -10.2350239618932

lnp: 859255.478543664

lnp: 809613.476396787

lnp: 786292.276568227

lnp: 782720.710707346

lnp: 780036.530248596

lnp: 778902.144162439

lnp: 778106.677949823

lnp: 777582.874027962

lnp: 776039.297577758
CONJ GRAD MINIMIZER CYCLE/TOTAL ITERATIONS: 10 10
CONJ GRAD MINIMIZER REACHED MAX ITER LIMIT

lnp: 775325.009018256
time penalty triggered, converted from: 55.2028188364016 to 1.5
WARNING: adjusting wd3 from/to: 2.61803398874989 1.16180339887499

lnp: 774994.418376108

lnp: 775015.357652093

lnp: 775010.325209125

lnp: 775087.03965666

lnp: 774929.527578292

lnp: 774975.705918742

lnp: 775122.351885706

lnp: 774895.239503426

lnp: 774890.154340872

lnp: 774892.783079633

lnp: 774881.537903189

lnp: 774892.331385945

lnp: 774881.488178457

lnp: 774886.273094209

lnp: 774880.358222754
CONJ DIR MINIMIZER CYCLE/TOTAL ITERATIONS: 10 10

lnp: 775178.871175561

lnp: 774880.423523858

lnp: 774899.447797459

lnp: 774970.179470606

lnp: 774882.480980805

lnp: 775023.828423608

lnp: 774880.311149272
CONJ DIR MINIMIZER CYCLE/TOTAL ITERATIONS: 5 15
TOTAL MIN  CALLS: 1620
TOTAL DMIN CALLS: 10
WARNING:: Iterative least-sq required to find root distribution
Final lnp: -774880.304205263 -1.88495276140293 -7.74880304205263
