Initial lnp: -948206.064410706 -2.30658029348558 -9.48206064410706

lnp: 808348.771207932

lnp: 774155.700691491

lnp: 765987.003162617

lnp: 764442.727372654

lnp: 761425.921933326

lnp: 759144.61536089

lnp: 758061.426642731

lnp: 757745.871417516
CONJ GRAD MINIMIZER CYCLE/TOTAL ITERATIONS: 10 10
CONJ GRAD MINIMIZER REACHED MAX ITER LIMIT

lnp: 757251.552146611

lnp: 755654.465796506

lnp: 754644.660129005

lnp: 754482.432760298

lnp: 754453.336275305

lnp: 754393.398292661

lnp: 754434.260904817

lnp: 754369.463755251

lnp: 754428.688088686

lnp: 754330.904804305

lnp: 754329.373931177

lnp: 754354.091441759

lnp: 754339.466068222

lnp: 754354.355016665

lnp: 754689.464310932

lnp: 754336.114999713
CONJ DIR MINIMIZER CYCLE/TOTAL ITERATIONS: 10 10

lnp: 754336.122785266

lnp: 754331.583970376

lnp: 754338.270505929

lnp: 754328.153418958

lnp: 754331.174658011

lnp: 754328.918501098

lnp: 754376.145849004

lnp: 754392.109308808
CONJ DIR MINIMIZER CYCLE/TOTAL ITERATIONS: 5 15
TOTAL MIN  CALLS: 1604
TOTAL DMIN CALLS: 10
Final lnp: -754328.07752381 -1.83495797352932 -7.5432807752381
