Initial lnp: -3020.67094044637 -5.04387382631872 -6.99229384362585

lnp: 2935.65549090414
time penalty triggered, converted from: 1.86292324319002 to 1.5
WARNING: adjusting wd3 from/to: 9.47213595499958 5.65967477524977

lnp: 2789.69672033576

lnp: 2767.51943689728

lnp: 2746.48537772484

lnp: 2740.21988989514

lnp: 2738.77722925133

lnp: 2738.46646208228

lnp: 2738.05566491664
CONJ GRAD MINIMIZER CYCLE/TOTAL ITERATIONS: 10 10
CONJ GRAD MINIMIZER REACHED MAX ITER LIMIT

lnp: 2737.42696773695

lnp: 2737.25415194961

lnp: 2736.54102011544

lnp: 2736.46366047063

lnp: 2736.64977338693

lnp: 2736.84156034467

lnp: 2736.43542484511

lnp: 2736.41437344069

lnp: 2736.41463510931

lnp: 2736.41282056808

lnp: 2736.59492130729

lnp: 2736.41275822363

lnp: 2736.4322651768

lnp: 2736.41434532203

lnp: 2736.89425249155

lnp: 2736.41199662281

lnp: 2736.52263312444

lnp: 2736.70591154886

lnp: 2736.65328308069

lnp: 2736.9695663484

lnp: 2736.64462799253

lnp: 2736.77241950943

lnp: 2736.41178452145
CONJ DIR MINIMIZER CYCLE/TOTAL ITERATIONS: 9 9
TOTAL MIN  CALLS: 1576
TOTAL DMIN CALLS: 10
Final lnp: -2736.41143299662 -4.56922130117603 -6.33428572452922
