Initial lnp: -3147.7089820613 -5.39227555863265 -22.1669646624035

lnp: 2761.13252833428

lnp: 2737.90826050263

lnp: 2665.30560590687

lnp: 2622.08667640597

lnp: 2572.89057808096

lnp: 2547.30383243751

lnp: 2536.02634435583

lnp: 2514.72607296084

lnp: 2490.39060922601

lnp: 2482.08195737654

lnp: 2482.07999172908
CONJ GRAD MINIMIZER CYCLE/TOTAL ITERATIONS: 10 10
CONJ GRAD MINIMIZER REACHED MAX ITER LIMIT

lnp: 2468.59695746641

lnp: 2459.08484145163
time penalty triggered, converted from: 298.090638387892 to 1.5
WARNING: adjusting wd3 from/to: 2.61803398874989 1.16180339887499

lnp: 2447.53429869413

lnp: 2446.90937862222

lnp: 2445.4098243928

lnp: 2442.91492393675

lnp: 2440.79358365206

lnp: 2439.9775630001

lnp: 2438.78646421134

lnp: 2438.67052787086

lnp: 2438.20428154558
time penalty triggered, converted from: 2.04171528746929 to 1.5
WARNING: adjusting wd3 from/to: 2.61803398874989 1.16180339887499

lnp: 2437.90020037327

lnp: 2437.78143149874

lnp: 2437.72380106659

lnp: 2437.68308505115

lnp: 2437.67686013937

lnp: 2437.63505544044
CONJ DIR MINIMIZER CYCLE/TOTAL ITERATIONS: 8 8
TOTAL MIN  CALLS: 1437
TOTAL DMIN CALLS: 10
Final lnp: -2437.62283014142 -4.17584156700817 -17.1663579587424
