Initial lnp: -3212.64587031632 -5.42707986263453 -22.3100407660856

lnp: 2831.41736889316

lnp: 2782.56385957896

lnp: 2740.47554976438

lnp: 2707.79933264556

lnp: 2642.92525770002

lnp: 2625.73309383914

lnp: 2616.73354842497

lnp: 2587.69634687949

lnp: 2582.34266317751

lnp: 2577.74687734197
CONJ GRAD MINIMIZER CYCLE/TOTAL ITERATIONS: 10 10
CONJ GRAD MINIMIZER REACHED MAX ITER LIMIT

lnp: 2567.77931704443

lnp: 2560.92292338786

lnp: 2551.80641454781
time penalty triggered, converted from: 97.9601980868765 to 1.5
WARNING: adjusting wd3 from/to: 2.61803398874989 1.16180339887499

lnp: 2549.3885686036

lnp: 2548.27424830132

lnp: 2548.00953727773

lnp: 2547.0009220043

lnp: 2547.07094461287

lnp: 2547.9748189475

lnp: 2546.76190121395

lnp: 2546.72913479816

lnp: 2546.68687917418

lnp: 2546.67993811582

lnp: 2546.69533758167

lnp: 2546.94286952472

lnp: 2546.64935385861

lnp: 2546.69519409809

lnp: 2546.64764303098

lnp: 2546.64036558909

lnp: 2546.63631601726

lnp: 2546.63510189881

lnp: 2546.73782284725

lnp: 2546.65289828788

lnp: 2546.63969384662

lnp: 2546.63219367993

lnp: 2546.63235091949

lnp: 2546.63152088189

lnp: 2546.63087756384

lnp: 2546.63093089636
CONJ DIR MINIMIZER CYCLE/TOTAL ITERATIONS: 10 10

lnp: 2546.74956817462

lnp: 2546.70043641137

lnp: 2546.68389065201

lnp: 2546.85551952035

lnp: 2546.63082014291

lnp: 2547.1553131235

lnp: 2546.63062809387

lnp: 2546.91669634339

lnp: 2546.8036517632

lnp: 2546.85113936488

lnp: 2546.72541091657

lnp: 2546.63046993867

lnp: 2546.63046281651

lnp: 2546.85916642086

lnp: 2546.65224187057

lnp: 2546.63038891774

lnp: 2546.63748565239
CONJ DIR MINIMIZER CYCLE/TOTAL ITERATIONS: 6 16
TOTAL MIN  CALLS: 2835
TOTAL DMIN CALLS: 10
Final lnp: -2546.63038259619 -4.30198877338454 -17.6849332124735
